<?xml version="1.0" encoding="UTF-8"?>
<testsuite xmlns:xsi="http://www.w3.org/2001/XMLSchema-instance" xsi:noNamespaceSchemaLocation="https://maven.apache.org/surefire/maven-surefire-plugin/xsd/surefire-test-report-3.0.xsd" version="3.0" name="net.seb.spring.sebpetclinic.SebPetClinicApplicationTests" time="16.885" tests="1" errors="0" skipped="0" failures="0">
  <properties>
    <property name="sun.desktop" value="windows"/>
    <property name="awt.toolkit" value="sun.awt.windows.WToolkit"/>
    <property name="java.specification.version" value="11"/>
    <property name="sun.cpu.isalist" value="amd64"/>
    <property name="sun.jnu.encoding" value="Cp1252"/>
    <property name="java.class.path" value="C:\Users\sabax\Desktop\Git\Projects\Spring 5 Guru\My pet clinic\seb-pet-clinic\pet-clinic-web\target\test-classes;C:\Users\sabax\Desktop\Git\Projects\Spring 5 Guru\My pet clinic\seb-pet-clinic\pet-clinic-web\target\classes;C:\Users\sabax\Desktop\Git\Projects\Spring 5 Guru\My pet clinic\seb-pet-clinic\pet-clinic-data\target\pet-clinic-data-0.0.3-SNAPSHOT.jar;C:\Users\sabax\.m2\repository\org\springframework\boot\spring-boot-starter-data-jpa\2.5.5\spring-boot-starter-data-jpa-2.5.5.jar;C:\Users\sabax\.m2\repository\org\springframework\boot\spring-boot-starter-aop\2.5.5\spring-boot-starter-aop-2.5.5.jar;C:\Users\sabax\.m2\repository\org\aspectj\aspectjweaver\1.9.7\aspectjweaver-1.9.7.jar;C:\Users\sabax\.m2\repository\org\springframework\boot\spring-boot-starter-jdbc\2.5.5\spring-boot-starter-jdbc-2.5.5.jar;C:\Users\sabax\.m2\repository\com\zaxxer\HikariCP\4.0.3\HikariCP-4.0.3.jar;C:\Users\sabax\.m2\repository\org\springframework\spring-jdbc\5.3.10\spring-jdbc-5.3.10.jar;C:\Users\sabax\.m2\repository\jakarta\transaction\jakarta.transaction-api\1.3.3\jakarta.transaction-api-1.3.3.jar;C:\Users\sabax\.m2\repository\jakarta\persistence\jakarta.persistence-api\2.2.3\jakarta.persistence-api-2.2.3.jar;C:\Users\sabax\.m2\repository\org\hibernate\hibernate-core\5.4.32.Final\hibernate-core-5.4.32.Final.jar;C:\Users\sabax\.m2\repository\org\jboss\logging\jboss-logging\3.4.2.Final\jboss-logging-3.4.2.Final.jar;C:\Users\sabax\.m2\repository\org\javassist\javassist\3.27.0-GA\javassist-3.27.0-GA.jar;C:\Users\sabax\.m2\repository\antlr\antlr\2.7.7\antlr-2.7.7.jar;C:\Users\sabax\.m2\repository\org\jboss\jandex\2.2.3.Final\jandex-2.2.3.Final.jar;C:\Users\sabax\.m2\repository\com\fasterxml\classmate\1.5.1\classmate-1.5.1.jar;C:\Users\sabax\.m2\repository\org\dom4j\dom4j\2.1.3\dom4j-2.1.3.jar;C:\Users\sabax\.m2\repository\org\hibernate\common\hibernate-commons-annotations\5.1.2.Final\hibernate-commons-annotations-5.1.2.Final.jar;C:\Users\sabax\.m2\repository\org\glassfish\jaxb\jaxb-runtime\2.3.5\jaxb-runtime-2.3.5.jar;C:\Users\sabax\.m2\repository\org\glassfish\jaxb\txw2\2.3.5\txw2-2.3.5.jar;C:\Users\sabax\.m2\repository\com\sun\istack\istack-commons-runtime\3.0.12\istack-commons-runtime-3.0.12.jar;C:\Users\sabax\.m2\repository\com\sun\activation\jakarta.activation\1.2.2\jakarta.activation-1.2.2.jar;C:\Users\sabax\.m2\repository\org\springframework\data\spring-data-jpa\2.5.5\spring-data-jpa-2.5.5.jar;C:\Users\sabax\.m2\repository\org\springframework\data\spring-data-commons\2.5.5\spring-data-commons-2.5.5.jar;C:\Users\sabax\.m2\repository\org\springframework\spring-orm\5.3.10\spring-orm-5.3.10.jar;C:\Users\sabax\.m2\repository\org\springframework\spring-tx\5.3.10\spring-tx-5.3.10.jar;C:\Users\sabax\.m2\repository\org\springframework\spring-aspects\5.3.10\spring-aspects-5.3.10.jar;C:\Users\sabax\.m2\repository\com\h2database\h2\1.4.200\h2-1.4.200.jar;C:\Users\sabax\.m2\repository\mysql\mysql-connector-java\8.0.26\mysql-connector-java-8.0.26.jar;C:\Users\sabax\.m2\repository\org\springframework\boot\spring-boot-starter-actuator\2.5.5\spring-boot-starter-actuator-2.5.5.jar;C:\Users\sabax\.m2\repository\org\springframework\boot\spring-boot-starter\2.5.5\spring-boot-starter-2.5.5.jar;C:\Users\sabax\.m2\repository\org\springframework\boot\spring-boot-starter-logging\2.5.5\spring-boot-starter-logging-2.5.5.jar;C:\Users\sabax\.m2\repository\ch\qos\logback\logback-classic\1.2.6\logback-classic-1.2.6.jar;C:\Users\sabax\.m2\repository\ch\qos\logback\logback-core\1.2.6\logback-core-1.2.6.jar;C:\Users\sabax\.m2\repository\org\apache\logging\log4j\log4j-to-slf4j\2.14.1\log4j-to-slf4j-2.14.1.jar;C:\Users\sabax\.m2\repository\org\apache\logging\log4j\log4j-api\2.14.1\log4j-api-2.14.1.jar;C:\Users\sabax\.m2\repository\org\slf4j\jul-to-slf4j\1.7.32\jul-to-slf4j-1.7.32.jar;C:\Users\sabax\.m2\repository\jakarta\annotation\jakarta.annotation-api\1.3.5\jakarta.annotation-api-1.3.5.jar;C:\Users\sabax\.m2\repository\org\yaml\snakeyaml\1.28\snakeyaml-1.28.jar;C:\Users\sabax\.m2\repository\org\springframework\boot\spring-boot-actuator-autoconfigure\2.5.5\spring-boot-actuator-autoconfigure-2.5.5.jar;C:\Users\sabax\.m2\repository\org\springframework\boot\spring-boot-actuator\2.5.5\spring-boot-actuator-2.5.5.jar;C:\Users\sabax\.m2\repository\com\fasterxml\jackson\core\jackson-databind\2.12.5\jackson-databind-2.12.5.jar;C:\Users\sabax\.m2\repository\com\fasterxml\jackson\core\jackson-annotations\2.12.5\jackson-annotations-2.12.5.jar;C:\Users\sabax\.m2\repository\com\fasterxml\jackson\datatype\jackson-datatype-jsr310\2.12.5\jackson-datatype-jsr310-2.12.5.jar;C:\Users\sabax\.m2\repository\io\micrometer\micrometer-core\1.7.4\micrometer-core-1.7.4.jar;C:\Users\sabax\.m2\repository\org\hdrhistogram\HdrHistogram\2.1.12\HdrHistogram-2.1.12.jar;C:\Users\sabax\.m2\repository\org\latencyutils\LatencyUtils\2.0.3\LatencyUtils-2.0.3.jar;C:\Users\sabax\.m2\repository\org\springframework\boot\spring-boot-starter-thymeleaf\2.5.5\spring-boot-starter-thymeleaf-2.5.5.jar;C:\Users\sabax\.m2\repository\org\thymeleaf\thymeleaf-spring5\3.0.12.RELEASE\thymeleaf-spring5-3.0.12.RELEASE.jar;C:\Users\sabax\.m2\repository\org\thymeleaf\thymeleaf\3.0.12.RELEASE\thymeleaf-3.0.12.RELEASE.jar;C:\Users\sabax\.m2\repository\org\attoparser\attoparser\2.0.5.RELEASE\attoparser-2.0.5.RELEASE.jar;C:\Users\sabax\.m2\repository\org\unbescape\unbescape\1.1.6.RELEASE\unbescape-1.1.6.RELEASE.jar;C:\Users\sabax\.m2\repository\org\thymeleaf\extras\thymeleaf-extras-java8time\3.0.4.RELEASE\thymeleaf-extras-java8time-3.0.4.RELEASE.jar;C:\Users\sabax\.m2\repository\org\springframework\boot\spring-boot-starter-web\2.5.5\spring-boot-starter-web-2.5.5.jar;C:\Users\sabax\.m2\repository\org\springframework\boot\spring-boot-starter-json\2.5.5\spring-boot-starter-json-2.5.5.jar;C:\Users\sabax\.m2\repository\com\fasterxml\jackson\datatype\jackson-datatype-jdk8\2.12.5\jackson-datatype-jdk8-2.12.5.jar;C:\Users\sabax\.m2\repository\com\fasterxml\jackson\module\jackson-module-parameter-names\2.12.5\jackson-module-parameter-names-2.12.5.jar;C:\Users\sabax\.m2\repository\org\springframework\boot\spring-boot-starter-tomcat\2.5.5\spring-boot-starter-tomcat-2.5.5.jar;C:\Users\sabax\.m2\repository\org\apache\tomcat\embed\tomcat-embed-core\9.0.53\tomcat-embed-core-9.0.53.jar;C:\Users\sabax\.m2\repository\org\apache\tomcat\embed\tomcat-embed-el\9.0.53\tomcat-embed-el-9.0.53.jar;C:\Users\sabax\.m2\repository\org\apache\tomcat\embed\tomcat-embed-websocket\9.0.53\tomcat-embed-websocket-9.0.53.jar;C:\Users\sabax\.m2\repository\org\springframework\spring-web\5.3.10\spring-web-5.3.10.jar;C:\Users\sabax\.m2\repository\org\springframework\spring-beans\5.3.10\spring-beans-5.3.10.jar;C:\Users\sabax\.m2\repository\org\springframework\spring-webmvc\5.3.10\spring-webmvc-5.3.10.jar;C:\Users\sabax\.m2\repository\org\springframework\spring-aop\5.3.10\spring-aop-5.3.10.jar;C:\Users\sabax\.m2\repository\org\springframework\spring-context\5.3.10\spring-context-5.3.10.jar;C:\Users\sabax\.m2\repository\org\springframework\spring-expression\5.3.10\spring-expression-5.3.10.jar;C:\Users\sabax\.m2\repository\org\springframework\boot\spring-boot-devtools\2.5.5\spring-boot-devtools-2.5.5.jar;C:\Users\sabax\.m2\repository\org\springframework\boot\spring-boot\2.5.5\spring-boot-2.5.5.jar;C:\Users\sabax\.m2\repository\org\springframework\boot\spring-boot-autoconfigure\2.5.5\spring-boot-autoconfigure-2.5.5.jar;C:\Users\sabax\.m2\repository\org\webjars\webjars-locator-core\0.46\webjars-locator-core-0.46.jar;C:\Users\sabax\.m2\repository\org\slf4j\slf4j-api\1.7.32\slf4j-api-1.7.32.jar;C:\Users\sabax\.m2\repository\io\github\classgraph\classgraph\4.8.69\classgraph-4.8.69.jar;C:\Users\sabax\.m2\repository\com\fasterxml\jackson\core\jackson-core\2.12.5\jackson-core-2.12.5.jar;C:\Users\sabax\.m2\repository\org\webjars\jquery\2.2.4\jquery-2.2.4.jar;C:\Users\sabax\.m2\repository\org\webjars\jquery-ui\1.11.4\jquery-ui-1.11.4.jar;C:\Users\sabax\.m2\repository\org\webjars\bootstrap\3.3.6\bootstrap-3.3.6.jar;C:\Users\sabax\.m2\repository\org\springframework\boot\spring-boot-starter-test\2.5.5\spring-boot-starter-test-2.5.5.jar;C:\Users\sabax\.m2\repository\org\springframework\boot\spring-boot-test\2.5.5\spring-boot-test-2.5.5.jar;C:\Users\sabax\.m2\repository\org\springframework\boot\spring-boot-test-autoconfigure\2.5.5\spring-boot-test-autoconfigure-2.5.5.jar;C:\Users\sabax\.m2\repository\com\jayway\jsonpath\json-path\2.5.0\json-path-2.5.0.jar;C:\Users\sabax\.m2\repository\net\minidev\json-smart\2.4.7\json-smart-2.4.7.jar;C:\Users\sabax\.m2\repository\net\minidev\accessors-smart\2.4.7\accessors-smart-2.4.7.jar;C:\Users\sabax\.m2\repository\org\ow2\asm\asm\9.1\asm-9.1.jar;C:\Users\sabax\.m2\repository\jakarta\xml\bind\jakarta.xml.bind-api\2.3.3\jakarta.xml.bind-api-2.3.3.jar;C:\Users\sabax\.m2\repository\jakarta\activation\jakarta.activation-api\1.2.2\jakarta.activation-api-1.2.2.jar;C:\Users\sabax\.m2\repository\org\assertj\assertj-core\3.19.0\assertj-core-3.19.0.jar;C:\Users\sabax\.m2\repository\org\hamcrest\hamcrest\2.2\hamcrest-2.2.jar;C:\Users\sabax\.m2\repository\org\junit\jupiter\junit-jupiter\5.7.2\junit-jupiter-5.7.2.jar;C:\Users\sabax\.m2\repository\org\junit\jupiter\junit-jupiter-api\5.7.2\junit-jupiter-api-5.7.2.jar;C:\Users\sabax\.m2\repository\org\apiguardian\apiguardian-api\1.1.0\apiguardian-api-1.1.0.jar;C:\Users\sabax\.m2\repository\org\opentest4j\opentest4j\1.2.0\opentest4j-1.2.0.jar;C:\Users\sabax\.m2\repository\org\junit\platform\junit-platform-commons\1.7.2\junit-platform-commons-1.7.2.jar;C:\Users\sabax\.m2\repository\org\junit\jupiter\junit-jupiter-params\5.7.2\junit-jupiter-params-5.7.2.jar;C:\Users\sabax\.m2\repository\org\junit\jupiter\junit-jupiter-engine\5.7.2\junit-jupiter-engine-5.7.2.jar;C:\Users\sabax\.m2\repository\org\junit\platform\junit-platform-engine\1.7.2\junit-platform-engine-1.7.2.jar;C:\Users\sabax\.m2\repository\org\mockito\mockito-core\3.9.0\mockito-core-3.9.0.jar;C:\Users\sabax\.m2\repository\net\bytebuddy\byte-buddy\1.10.22\byte-buddy-1.10.22.jar;C:\Users\sabax\.m2\repository\net\bytebuddy\byte-buddy-agent\1.10.22\byte-buddy-agent-1.10.22.jar;C:\Users\sabax\.m2\repository\org\objenesis\objenesis\3.2\objenesis-3.2.jar;C:\Users\sabax\.m2\repository\org\mockito\mockito-junit-jupiter\3.9.0\mockito-junit-jupiter-3.9.0.jar;C:\Users\sabax\.m2\repository\org\skyscreamer\jsonassert\1.5.0\jsonassert-1.5.0.jar;C:\Users\sabax\.m2\repository\com\vaadin\external\google\android-json\0.0.20131108.vaadin1\android-json-0.0.20131108.vaadin1.jar;C:\Users\sabax\.m2\repository\org\springframework\spring-core\5.3.10\spring-core-5.3.10.jar;C:\Users\sabax\.m2\repository\org\springframework\spring-jcl\5.3.10\spring-jcl-5.3.10.jar;C:\Users\sabax\.m2\repository\org\springframework\spring-test\5.3.10\spring-test-5.3.10.jar;C:\Users\sabax\.m2\repository\org\xmlunit\xmlunit-core\2.8.2\xmlunit-core-2.8.2.jar;C:\Users\sabax\.m2\repository\javax\validation\validation-api\2.0.1.Final\validation-api-2.0.1.Final.jar;C:\Users\sabax\.m2\repository\javax\xml\bind\jaxb-api\2.3.0\jaxb-api-2.3.0.jar;C:\Users\sabax\.m2\repository\com\sun\xml\bind\jaxb-core\2.3.0\jaxb-core-2.3.0.jar;C:\Users\sabax\.m2\repository\com\sun\xml\bind\jaxb-impl\2.3.0\jaxb-impl-2.3.0.jar;"/>
    <property name="sun.awt.enableExtraMouseButtons" value="true"/>
    <property name="java.vm.vendor" value="Amazon.com Inc."/>
    <property name="sun.arch.data.model" value="64"/>
    <property name="user.variant" value=""/>
    <property name="java.vendor.url" value="https://aws.amazon.com/corretto/"/>
    <property name="user.timezone" value="Europe/Athens"/>
    <property name="java.vm.specification.version" value="11"/>
    <property name="os.name" value="Windows 10"/>
    <property name="sun.java.launcher" value="SUN_STANDARD"/>
    <property name="user.country" value="US"/>
    <property name="sun.boot.library.path" value="C:\Program Files\Amazon Corretto\jdk11.0.12_7\bin"/>
    <property name="sun.java.command" value="C:\Users\sabax\AppData\Local\Temp\surefire2771838017270692908\surefirebooter13834017150757634868.jar C:\Users\sabax\AppData\Local\Temp\surefire2771838017270692908 2021-11-08T02-57-43_600-jvmRun1 surefire17710994698858214831tmp surefire_111990825396642901588tmp"/>
    <property name="jdk.debug" value="release"/>
    <property name="surefire.test.class.path" value="C:\Users\sabax\Desktop\Git\Projects\Spring 5 Guru\My pet clinic\seb-pet-clinic\pet-clinic-web\target\test-classes;C:\Users\sabax\Desktop\Git\Projects\Spring 5 Guru\My pet clinic\seb-pet-clinic\pet-clinic-web\target\classes;C:\Users\sabax\Desktop\Git\Projects\Spring 5 Guru\My pet clinic\seb-pet-clinic\pet-clinic-data\target\pet-clinic-data-0.0.3-SNAPSHOT.jar;C:\Users\sabax\.m2\repository\org\springframework\boot\spring-boot-starter-data-jpa\2.5.5\spring-boot-starter-data-jpa-2.5.5.jar;C:\Users\sabax\.m2\repository\org\springframework\boot\spring-boot-starter-aop\2.5.5\spring-boot-starter-aop-2.5.5.jar;C:\Users\sabax\.m2\repository\org\aspectj\aspectjweaver\1.9.7\aspectjweaver-1.9.7.jar;C:\Users\sabax\.m2\repository\org\springframework\boot\spring-boot-starter-jdbc\2.5.5\spring-boot-starter-jdbc-2.5.5.jar;C:\Users\sabax\.m2\repository\com\zaxxer\HikariCP\4.0.3\HikariCP-4.0.3.jar;C:\Users\sabax\.m2\repository\org\springframework\spring-jdbc\5.3.10\spring-jdbc-5.3.10.jar;C:\Users\sabax\.m2\repository\jakarta\transaction\jakarta.transaction-api\1.3.3\jakarta.transaction-api-1.3.3.jar;C:\Users\sabax\.m2\repository\jakarta\persistence\jakarta.persistence-api\2.2.3\jakarta.persistence-api-2.2.3.jar;C:\Users\sabax\.m2\repository\org\hibernate\hibernate-core\5.4.32.Final\hibernate-core-5.4.32.Final.jar;C:\Users\sabax\.m2\repository\org\jboss\logging\jboss-logging\3.4.2.Final\jboss-logging-3.4.2.Final.jar;C:\Users\sabax\.m2\repository\org\javassist\javassist\3.27.0-GA\javassist-3.27.0-GA.jar;C:\Users\sabax\.m2\repository\antlr\antlr\2.7.7\antlr-2.7.7.jar;C:\Users\sabax\.m2\repository\org\jboss\jandex\2.2.3.Final\jandex-2.2.3.Final.jar;C:\Users\sabax\.m2\repository\com\fasterxml\classmate\1.5.1\classmate-1.5.1.jar;C:\Users\sabax\.m2\repository\org\dom4j\dom4j\2.1.3\dom4j-2.1.3.jar;C:\Users\sabax\.m2\repository\org\hibernate\common\hibernate-commons-annotations\5.1.2.Final\hibernate-commons-annotations-5.1.2.Final.jar;C:\Users\sabax\.m2\repository\org\glassfish\jaxb\jaxb-runtime\2.3.5\jaxb-runtime-2.3.5.jar;C:\Users\sabax\.m2\repository\org\glassfish\jaxb\txw2\2.3.5\txw2-2.3.5.jar;C:\Users\sabax\.m2\repository\com\sun\istack\istack-commons-runtime\3.0.12\istack-commons-runtime-3.0.12.jar;C:\Users\sabax\.m2\repository\com\sun\activation\jakarta.activation\1.2.2\jakarta.activation-1.2.2.jar;C:\Users\sabax\.m2\repository\org\springframework\data\spring-data-jpa\2.5.5\spring-data-jpa-2.5.5.jar;C:\Users\sabax\.m2\repository\org\springframework\data\spring-data-commons\2.5.5\spring-data-commons-2.5.5.jar;C:\Users\sabax\.m2\repository\org\springframework\spring-orm\5.3.10\spring-orm-5.3.10.jar;C:\Users\sabax\.m2\repository\org\springframework\spring-tx\5.3.10\spring-tx-5.3.10.jar;C:\Users\sabax\.m2\repository\org\springframework\spring-aspects\5.3.10\spring-aspects-5.3.10.jar;C:\Users\sabax\.m2\repository\com\h2database\h2\1.4.200\h2-1.4.200.jar;C:\Users\sabax\.m2\repository\mysql\mysql-connector-java\8.0.26\mysql-connector-java-8.0.26.jar;C:\Users\sabax\.m2\repository\org\springframework\boot\spring-boot-starter-actuator\2.5.5\spring-boot-starter-actuator-2.5.5.jar;C:\Users\sabax\.m2\repository\org\springframework\boot\spring-boot-starter\2.5.5\spring-boot-starter-2.5.5.jar;C:\Users\sabax\.m2\repository\org\springframework\boot\spring-boot-starter-logging\2.5.5\spring-boot-starter-logging-2.5.5.jar;C:\Users\sabax\.m2\repository\ch\qos\logback\logback-classic\1.2.6\logback-classic-1.2.6.jar;C:\Users\sabax\.m2\repository\ch\qos\logback\logback-core\1.2.6\logback-core-1.2.6.jar;C:\Users\sabax\.m2\repository\org\apache\logging\log4j\log4j-to-slf4j\2.14.1\log4j-to-slf4j-2.14.1.jar;C:\Users\sabax\.m2\repository\org\apache\logging\log4j\log4j-api\2.14.1\log4j-api-2.14.1.jar;C:\Users\sabax\.m2\repository\org\slf4j\jul-to-slf4j\1.7.32\jul-to-slf4j-1.7.32.jar;C:\Users\sabax\.m2\repository\jakarta\annotation\jakarta.annotation-api\1.3.5\jakarta.annotation-api-1.3.5.jar;C:\Users\sabax\.m2\repository\org\yaml\snakeyaml\1.28\snakeyaml-1.28.jar;C:\Users\sabax\.m2\repository\org\springframework\boot\spring-boot-actuator-autoconfigure\2.5.5\spring-boot-actuator-autoconfigure-2.5.5.jar;C:\Users\sabax\.m2\repository\org\springframework\boot\spring-boot-actuator\2.5.5\spring-boot-actuator-2.5.5.jar;C:\Users\sabax\.m2\repository\com\fasterxml\jackson\core\jackson-databind\2.12.5\jackson-databind-2.12.5.jar;C:\Users\sabax\.m2\repository\com\fasterxml\jackson\core\jackson-annotations\2.12.5\jackson-annotations-2.12.5.jar;C:\Users\sabax\.m2\repository\com\fasterxml\jackson\datatype\jackson-datatype-jsr310\2.12.5\jackson-datatype-jsr310-2.12.5.jar;C:\Users\sabax\.m2\repository\io\micrometer\micrometer-core\1.7.4\micrometer-core-1.7.4.jar;C:\Users\sabax\.m2\repository\org\hdrhistogram\HdrHistogram\2.1.12\HdrHistogram-2.1.12.jar;C:\Users\sabax\.m2\repository\org\latencyutils\LatencyUtils\2.0.3\LatencyUtils-2.0.3.jar;C:\Users\sabax\.m2\repository\org\springframework\boot\spring-boot-starter-thymeleaf\2.5.5\spring-boot-starter-thymeleaf-2.5.5.jar;C:\Users\sabax\.m2\repository\org\thymeleaf\thymeleaf-spring5\3.0.12.RELEASE\thymeleaf-spring5-3.0.12.RELEASE.jar;C:\Users\sabax\.m2\repository\org\thymeleaf\thymeleaf\3.0.12.RELEASE\thymeleaf-3.0.12.RELEASE.jar;C:\Users\sabax\.m2\repository\org\attoparser\attoparser\2.0.5.RELEASE\attoparser-2.0.5.RELEASE.jar;C:\Users\sabax\.m2\repository\org\unbescape\unbescape\1.1.6.RELEASE\unbescape-1.1.6.RELEASE.jar;C:\Users\sabax\.m2\repository\org\thymeleaf\extras\thymeleaf-extras-java8time\3.0.4.RELEASE\thymeleaf-extras-java8time-3.0.4.RELEASE.jar;C:\Users\sabax\.m2\repository\org\springframework\boot\spring-boot-starter-web\2.5.5\spring-boot-starter-web-2.5.5.jar;C:\Users\sabax\.m2\repository\org\springframework\boot\spring-boot-starter-json\2.5.5\spring-boot-starter-json-2.5.5.jar;C:\Users\sabax\.m2\repository\com\fasterxml\jackson\datatype\jackson-datatype-jdk8\2.12.5\jackson-datatype-jdk8-2.12.5.jar;C:\Users\sabax\.m2\repository\com\fasterxml\jackson\module\jackson-module-parameter-names\2.12.5\jackson-module-parameter-names-2.12.5.jar;C:\Users\sabax\.m2\repository\org\springframework\boot\spring-boot-starter-tomcat\2.5.5\spring-boot-starter-tomcat-2.5.5.jar;C:\Users\sabax\.m2\repository\org\apache\tomcat\embed\tomcat-embed-core\9.0.53\tomcat-embed-core-9.0.53.jar;C:\Users\sabax\.m2\repository\org\apache\tomcat\embed\tomcat-embed-el\9.0.53\tomcat-embed-el-9.0.53.jar;C:\Users\sabax\.m2\repository\org\apache\tomcat\embed\tomcat-embed-websocket\9.0.53\tomcat-embed-websocket-9.0.53.jar;C:\Users\sabax\.m2\repository\org\springframework\spring-web\5.3.10\spring-web-5.3.10.jar;C:\Users\sabax\.m2\repository\org\springframework\spring-beans\5.3.10\spring-beans-5.3.10.jar;C:\Users\sabax\.m2\repository\org\springframework\spring-webmvc\5.3.10\spring-webmvc-5.3.10.jar;C:\Users\sabax\.m2\repository\org\springframework\spring-aop\5.3.10\spring-aop-5.3.10.jar;C:\Users\sabax\.m2\repository\org\springframework\spring-context\5.3.10\spring-context-5.3.10.jar;C:\Users\sabax\.m2\repository\org\springframework\spring-expression\5.3.10\spring-expression-5.3.10.jar;C:\Users\sabax\.m2\repository\org\springframework\boot\spring-boot-devtools\2.5.5\spring-boot-devtools-2.5.5.jar;C:\Users\sabax\.m2\repository\org\springframework\boot\spring-boot\2.5.5\spring-boot-2.5.5.jar;C:\Users\sabax\.m2\repository\org\springframework\boot\spring-boot-autoconfigure\2.5.5\spring-boot-autoconfigure-2.5.5.jar;C:\Users\sabax\.m2\repository\org\webjars\webjars-locator-core\0.46\webjars-locator-core-0.46.jar;C:\Users\sabax\.m2\repository\org\slf4j\slf4j-api\1.7.32\slf4j-api-1.7.32.jar;C:\Users\sabax\.m2\repository\io\github\classgraph\classgraph\4.8.69\classgraph-4.8.69.jar;C:\Users\sabax\.m2\repository\com\fasterxml\jackson\core\jackson-core\2.12.5\jackson-core-2.12.5.jar;C:\Users\sabax\.m2\repository\org\webjars\jquery\2.2.4\jquery-2.2.4.jar;C:\Users\sabax\.m2\repository\org\webjars\jquery-ui\1.11.4\jquery-ui-1.11.4.jar;C:\Users\sabax\.m2\repository\org\webjars\bootstrap\3.3.6\bootstrap-3.3.6.jar;C:\Users\sabax\.m2\repository\org\springframework\boot\spring-boot-starter-test\2.5.5\spring-boot-starter-test-2.5.5.jar;C:\Users\sabax\.m2\repository\org\springframework\boot\spring-boot-test\2.5.5\spring-boot-test-2.5.5.jar;C:\Users\sabax\.m2\repository\org\springframework\boot\spring-boot-test-autoconfigure\2.5.5\spring-boot-test-autoconfigure-2.5.5.jar;C:\Users\sabax\.m2\repository\com\jayway\jsonpath\json-path\2.5.0\json-path-2.5.0.jar;C:\Users\sabax\.m2\repository\net\minidev\json-smart\2.4.7\json-smart-2.4.7.jar;C:\Users\sabax\.m2\repository\net\minidev\accessors-smart\2.4.7\accessors-smart-2.4.7.jar;C:\Users\sabax\.m2\repository\org\ow2\asm\asm\9.1\asm-9.1.jar;C:\Users\sabax\.m2\repository\jakarta\xml\bind\jakarta.xml.bind-api\2.3.3\jakarta.xml.bind-api-2.3.3.jar;C:\Users\sabax\.m2\repository\jakarta\activation\jakarta.activation-api\1.2.2\jakarta.activation-api-1.2.2.jar;C:\Users\sabax\.m2\repository\org\assertj\assertj-core\3.19.0\assertj-core-3.19.0.jar;C:\Users\sabax\.m2\repository\org\hamcrest\hamcrest\2.2\hamcrest-2.2.jar;C:\Users\sabax\.m2\repository\org\junit\jupiter\junit-jupiter\5.7.2\junit-jupiter-5.7.2.jar;C:\Users\sabax\.m2\repository\org\junit\jupiter\junit-jupiter-api\5.7.2\junit-jupiter-api-5.7.2.jar;C:\Users\sabax\.m2\repository\org\apiguardian\apiguardian-api\1.1.0\apiguardian-api-1.1.0.jar;C:\Users\sabax\.m2\repository\org\opentest4j\opentest4j\1.2.0\opentest4j-1.2.0.jar;C:\Users\sabax\.m2\repository\org\junit\platform\junit-platform-commons\1.7.2\junit-platform-commons-1.7.2.jar;C:\Users\sabax\.m2\repository\org\junit\jupiter\junit-jupiter-params\5.7.2\junit-jupiter-params-5.7.2.jar;C:\Users\sabax\.m2\repository\org\junit\jupiter\junit-jupiter-engine\5.7.2\junit-jupiter-engine-5.7.2.jar;C:\Users\sabax\.m2\repository\org\junit\platform\junit-platform-engine\1.7.2\junit-platform-engine-1.7.2.jar;C:\Users\sabax\.m2\repository\org\mockito\mockito-core\3.9.0\mockito-core-3.9.0.jar;C:\Users\sabax\.m2\repository\net\bytebuddy\byte-buddy\1.10.22\byte-buddy-1.10.22.jar;C:\Users\sabax\.m2\repository\net\bytebuddy\byte-buddy-agent\1.10.22\byte-buddy-agent-1.10.22.jar;C:\Users\sabax\.m2\repository\org\objenesis\objenesis\3.2\objenesis-3.2.jar;C:\Users\sabax\.m2\repository\org\mockito\mockito-junit-jupiter\3.9.0\mockito-junit-jupiter-3.9.0.jar;C:\Users\sabax\.m2\repository\org\skyscreamer\jsonassert\1.5.0\jsonassert-1.5.0.jar;C:\Users\sabax\.m2\repository\com\vaadin\external\google\android-json\0.0.20131108.vaadin1\android-json-0.0.20131108.vaadin1.jar;C:\Users\sabax\.m2\repository\org\springframework\spring-core\5.3.10\spring-core-5.3.10.jar;C:\Users\sabax\.m2\repository\org\springframework\spring-jcl\5.3.10\spring-jcl-5.3.10.jar;C:\Users\sabax\.m2\repository\org\springframework\spring-test\5.3.10\spring-test-5.3.10.jar;C:\Users\sabax\.m2\repository\org\xmlunit\xmlunit-core\2.8.2\xmlunit-core-2.8.2.jar;C:\Users\sabax\.m2\repository\javax\validation\validation-api\2.0.1.Final\validation-api-2.0.1.Final.jar;C:\Users\sabax\.m2\repository\javax\xml\bind\jaxb-api\2.3.0\jaxb-api-2.3.0.jar;C:\Users\sabax\.m2\repository\com\sun\xml\bind\jaxb-core\2.3.0\jaxb-core-2.3.0.jar;C:\Users\sabax\.m2\repository\com\sun\xml\bind\jaxb-impl\2.3.0\jaxb-impl-2.3.0.jar;"/>
    <property name="sun.cpu.endian" value="little"/>
    <property name="user.home" value="C:\Users\sabax"/>
    <property name="user.language" value="en"/>
    <property name="java.specification.vendor" value="Oracle Corporation"/>
    <property name="java.version.date" value="2021-07-20"/>
    <property name="java.home" value="C:\Program Files\Amazon Corretto\jdk11.0.12_7"/>
    <property name="file.separator" value="\"/>
    <property name="basedir" value="C:\Users\sabax\Desktop\Git\Projects\Spring 5 Guru\My pet clinic\seb-pet-clinic\pet-clinic-web"/>
    <property name="java.vm.compressedOopsMode" value="Zero based"/>
    <property name="line.separator" value="&#10;"/>
    <property name="java.specification.name" value="Java Platform API Specification"/>
    <property name="java.vm.specification.vendor" value="Oracle Corporation"/>
    <property name="FILE_LOG_CHARSET" value="windows-1252"/>
    <property name="java.awt.graphicsenv" value="sun.awt.Win32GraphicsEnvironment"/>
    <property name="java.awt.headless" value="true"/>
    <property name="surefire.real.class.path" value="C:\Users\sabax\AppData\Local\Temp\surefire2771838017270692908\surefirebooter13834017150757634868.jar"/>
    <property name="user.script" value=""/>
    <property name="sun.management.compiler" value="HotSpot 64-Bit Tiered Compilers"/>
    <property name="java.runtime.version" value="11.0.12+7-LTS"/>
    <property name="user.name" value="sabax"/>
    <property name="path.separator" value=";"/>
    <property name="os.version" value="10.0"/>
    <property name="java.runtime.name" value="OpenJDK Runtime Environment"/>
    <property name="file.encoding" value="Cp1252"/>
    <property name="spring.beaninfo.ignore" value="true"/>
    <property name="java.vm.name" value="OpenJDK 64-Bit Server VM"/>
    <property name="idea.version2020.1" value="true"/>
    <property name="java.vendor.version" value="Corretto-11.0.12.7.1"/>
    <property name="localRepository" value="C:\Users\sabax\.m2\repository"/>
    <property name="java.vendor.url.bug" value="https://github.com/corretto/corretto-11/issues/"/>
    <property name="java.io.tmpdir" value="C:\Users\sabax\AppData\Local\Temp\"/>
    <property name="com.zaxxer.hikari.pool_number" value="1"/>
    <property name="java.version" value="11.0.12"/>
    <property name="user.dir" value="C:\Users\sabax\Desktop\Git\Projects\Spring 5 Guru\My pet clinic\seb-pet-clinic\pet-clinic-web"/>
    <property name="os.arch" value="amd64"/>
    <property name="java.vm.specification.name" value="Java Virtual Machine Specification"/>
    <property name="PID" value="33092"/>
    <property name="java.awt.printerjob" value="sun.awt.windows.WPrinterJob"/>
    <property name="sun.os.patch.level" value=""/>
    <property name="CONSOLE_LOG_CHARSET" value="windows-1252"/>
    <property name="java.library.path" value="C:\Program Files\Amazon Corretto\jdk11.0.12_7\bin;C:\WINDOWS\Sun\Java\bin;C:\WINDOWS\system32;C:\WINDOWS;C:\Program Files\Amazon Corretto\jdk11.0.12_7\bin;C:\Python39\Scripts\;C:\Python39\;C:\Program Files\Common Files\Oracle\Java\javapath;C:\WINDOWS\system32;C:\WINDOWS;C:\WINDOWS\System32\Wbem;C:\WINDOWS\System32\WindowsPowerShell\v1.0\;C:\Users\sabax\.dnx\bin;C:\Program Files\Microsoft DNX\Dnvm\;C:\Program Files\Microsoft SQL Server\130\Tools\Binn\;C:\Program Files (x86)\MySQL\MySQL Fabric 1.5 &amp; MySQL Utilities 1.5\;C:\Program Files (x86)\MySQL\MySQL Fabric 1.5 &amp; MySQL Utilities 1.5\Doctrine extensions for PHP\;C:\Program Files\Apache\apache-maven-3.3.9\bin;C:\WINDOWS\System32\OpenSSH\;C:\Program Files\Amazon Corretto\jdk11.0.12_7\bin;C:\Program Files\Java\scripts;C:\Program Files (x86)\Calibre2\;C:\ProgramData\chocolatey\bin;C:\Gradle\gradle-7.0\bin;C:\Program Files\Git\cmd;C:\Program Files\nodejs\;C:\Program Files\PuTTY\;C:\Users\sabax\AppData\Roaming\Python\Python39\Scripts;C:\Users\sabax\AppData\Local\atom\bin;C:\Users\sabax\AppData\Local\Microsoft\WindowsApps;C:\Users\sabax\AppData\Local\Programs\Microsoft VS Code\bin;C:\Users\sabax\sqlite-tools-win32-x86-3350200;C:\Users\sabax\AppData\Roaming\npm;."/>
    <property name="java.vm.info" value="mixed mode"/>
    <property name="java.vendor" value="Amazon.com Inc."/>
    <property name="java.vm.version" value="11.0.12+7-LTS"/>
    <property name="sun.io.unicode.encoding" value="UnicodeLittle"/>
    <property name="java.class.version" value="55.0"/>
  </properties>
  <testcase name="contextLoads" classname="net.seb.spring.sebpetclinic.SebPetClinicApplicationTests" time="0.053">
    <system-out><![CDATA[02:58:18.431 [main] DEBUG org.springframework.test.context.BootstrapUtils - Instantiating CacheAwareContextLoaderDelegate from class [org.springframework.test.context.cache.DefaultCacheAwareContextLoaderDelegate]
02:58:18.435 [main] DEBUG org.springframework.test.context.BootstrapUtils - Instantiating BootstrapContext using constructor [public org.springframework.test.context.support.DefaultBootstrapContext(java.lang.Class,org.springframework.test.context.CacheAwareContextLoaderDelegate)]
02:58:18.455 [main] DEBUG org.springframework.test.context.BootstrapUtils - Instantiating TestContextBootstrapper for test class [net.seb.spring.sebpetclinic.SebPetClinicApplicationTests] from class [org.springframework.boot.test.context.SpringBootTestContextBootstrapper]
02:58:18.483 [main] INFO org.springframework.boot.test.context.SpringBootTestContextBootstrapper - Neither @ContextConfiguration nor @ContextHierarchy found for test class [net.seb.spring.sebpetclinic.SebPetClinicApplicationTests], using SpringBootContextLoader
02:58:18.485 [main] DEBUG org.springframework.test.context.support.AbstractContextLoader - Did not detect default resource location for test class [net.seb.spring.sebpetclinic.SebPetClinicApplicationTests]: class path resource [net/seb/spring/sebpetclinic/SebPetClinicApplicationTests-context.xml] does not exist
02:58:18.486 [main] DEBUG org.springframework.test.context.support.AbstractContextLoader - Did not detect default resource location for test class [net.seb.spring.sebpetclinic.SebPetClinicApplicationTests]: class path resource [net/seb/spring/sebpetclinic/SebPetClinicApplicationTestsContext.groovy] does not exist
02:58:18.489 [main] INFO org.springframework.test.context.support.AbstractContextLoader - Could not detect default resource locations for test class [net.seb.spring.sebpetclinic.SebPetClinicApplicationTests]: no resource found for suffixes {-context.xml, Context.groovy}.
02:58:18.492 [main] INFO org.springframework.test.context.support.AnnotationConfigContextLoaderUtils - Could not detect default configuration classes for test class [net.seb.spring.sebpetclinic.SebPetClinicApplicationTests]: SebPetClinicApplicationTests does not declare any static, non-private, non-final, nested classes annotated with @Configuration.
02:58:18.556 [main] DEBUG org.springframework.test.context.support.ActiveProfilesUtils - Could not find an 'annotation declaring class' for annotation type [org.springframework.test.context.ActiveProfiles] and class [net.seb.spring.sebpetclinic.SebPetClinicApplicationTests]
02:58:18.674 [main] DEBUG org.springframework.context.annotation.ClassPathScanningCandidateComponentProvider - Identified candidate component class: file [C:\Users\sabax\Desktop\Git\Projects\Spring 5 Guru\My pet clinic\seb-pet-clinic\pet-clinic-web\target\classes\net\seb\spring\sebpetclinic\SebPetClinicApplication.class]
02:58:18.676 [main] INFO org.springframework.boot.test.context.SpringBootTestContextBootstrapper - Found @SpringBootConfiguration net.seb.spring.sebpetclinic.SebPetClinicApplication for test class net.seb.spring.sebpetclinic.SebPetClinicApplicationTests
02:58:18.752 [main] DEBUG org.springframework.boot.test.context.SpringBootTestContextBootstrapper - @TestExecutionListeners is not present for class [net.seb.spring.sebpetclinic.SebPetClinicApplicationTests]: using defaults.
02:58:18.753 [main] INFO org.springframework.boot.test.context.SpringBootTestContextBootstrapper - Loaded default TestExecutionListener class names from location [META-INF/spring.factories]: [org.springframework.boot.test.mock.mockito.MockitoTestExecutionListener, org.springframework.boot.test.mock.mockito.ResetMocksTestExecutionListener, org.springframework.boot.test.autoconfigure.restdocs.RestDocsTestExecutionListener, org.springframework.boot.test.autoconfigure.web.client.MockRestServiceServerResetTestExecutionListener, org.springframework.boot.test.autoconfigure.web.servlet.MockMvcPrintOnlyOnFailureTestExecutionListener, org.springframework.boot.test.autoconfigure.web.servlet.WebDriverTestExecutionListener, org.springframework.boot.test.autoconfigure.webservices.client.MockWebServiceServerTestExecutionListener, org.springframework.test.context.web.ServletTestExecutionListener, org.springframework.test.context.support.DirtiesContextBeforeModesTestExecutionListener, org.springframework.test.context.event.ApplicationEventsTestExecutionListener, org.springframework.test.context.support.DependencyInjectionTestExecutionListener, org.springframework.test.context.support.DirtiesContextTestExecutionListener, org.springframework.test.context.transaction.TransactionalTestExecutionListener, org.springframework.test.context.jdbc.SqlScriptsTestExecutionListener, org.springframework.test.context.event.EventPublishingTestExecutionListener]
02:58:18.800 [main] INFO org.springframework.boot.test.context.SpringBootTestContextBootstrapper - Using TestExecutionListeners: [org.springframework.test.context.web.ServletTestExecutionListener@bfec2f9, org.springframework.test.context.support.DirtiesContextBeforeModesTestExecutionListener@708eb310, org.springframework.test.context.event.ApplicationEventsTestExecutionListener@6ebc9573, org.springframework.boot.test.mock.mockito.MockitoTestExecutionListener@1e977098, org.springframework.boot.test.autoconfigure.SpringBootDependencyInjectionTestExecutionListener@630390b9, org.springframework.test.context.support.DirtiesContextTestExecutionListener@6690b9fa, org.springframework.test.context.transaction.TransactionalTestExecutionListener@6c8dbf56, org.springframework.test.context.jdbc.SqlScriptsTestExecutionListener@493b01ef, org.springframework.test.context.event.EventPublishingTestExecutionListener@36c2d629, org.springframework.boot.test.mock.mockito.ResetMocksTestExecutionListener@55fee662, org.springframework.boot.test.autoconfigure.restdocs.RestDocsTestExecutionListener@54089484, org.springframework.boot.test.autoconfigure.web.client.MockRestServiceServerResetTestExecutionListener@45adc393, org.springframework.boot.test.autoconfigure.web.servlet.MockMvcPrintOnlyOnFailureTestExecutionListener@65fe2691, org.springframework.boot.test.autoconfigure.web.servlet.WebDriverTestExecutionListener@479111ba, org.springframework.boot.test.autoconfigure.webservices.client.MockWebServiceServerTestExecutionListener@57ad1178]
02:58:18.807 [main] DEBUG org.springframework.test.context.support.AbstractDirtiesContextTestExecutionListener - Before test class: context [DefaultTestContext@1e692555 testClass = SebPetClinicApplicationTests, testInstance = [null], testMethod = [null], testException = [null], mergedContextConfiguration = [WebMergedContextConfiguration@3ba0ae41 testClass = SebPetClinicApplicationTests, locations = '{}', classes = '{class net.seb.spring.sebpetclinic.SebPetClinicApplication}', contextInitializerClasses = '[]', activeProfiles = '{}', propertySourceLocations = '{}', propertySourceProperties = '{org.springframework.boot.test.context.SpringBootTestContextBootstrapper=true}', contextCustomizers = set[org.springframework.boot.test.context.filter.ExcludeFilterContextCustomizer@7426a448, org.springframework.boot.test.json.DuplicateJsonObjectContextCustomizerFactory$DuplicateJsonObjectContextCustomizer@2dfb885e, org.springframework.boot.test.mock.mockito.MockitoContextCustomizer@0, org.springframework.boot.test.web.client.TestRestTemplateContextCustomizer@2bfb583b, org.springframework.boot.test.autoconfigure.actuate.metrics.MetricsExportContextCustomizerFactory$DisableMetricExportContextCustomizer@6aa3bfc, org.springframework.boot.test.autoconfigure.properties.PropertyMappingContextCustomizer@0, org.springframework.boot.test.autoconfigure.web.servlet.WebDriverContextCustomizerFactory$Customizer@1fc713c9, org.springframework.boot.test.context.SpringBootTestArgs@1, org.springframework.boot.test.context.SpringBootTestWebEnvironment@6913c1fb], resourceBasePath = 'src/main/webapp', contextLoader = 'org.springframework.boot.test.context.SpringBootContextLoader', parent = [null]], attributes = map['org.springframework.test.context.web.ServletTestExecutionListener.activateListener' -> true]], class annotated with @DirtiesContext [false] with mode [null].
02:58:18.867 [main] DEBUG org.springframework.test.context.support.TestPropertySourceUtils - Adding inlined properties to environment: {spring.jmx.enabled=false, org.springframework.boot.test.context.SpringBootTestContextBootstrapper=true}


                                                                              
                                                                              
                                                                              
                                                                              
          @@@@@@@@@@@@        o@@@@@@@@@@@#                                   
       @@              @@@          *@@@@@@@ @@@@@@      @@@@    @@@@@@       
       @             @   @@@@@8      #@8  8o    @@@@@@@@@            @@@@     
       @@  @        @@ @@       @@@@@@   @@@  @      @@                @@     
        @   @@@    @    @@@ :@@@       @     @ o@@     @      @@@      @      
         @@  @@@@@    #  @@@      o@@@@ @@@&      @  @#   @  @@@@@    @       
           @@@@@@      @ @  @@@@@@@@@@        :@@@      #  @@@@@@@: @         
            @@  @      @@  @@       & o @          @   @@@   @ @@# @          
             @@:     @@@      @@@@  *   @@        @     @@@@ o    @           
            .@    * @@@    @@@@    @   @@@@@   @@@@      @@@  @   :@          
           @  @@@ @@@@@    @     @  @@   @.@    @       @@@@@  @#   :@        
         @ @@@   @@  @  @@@@     @@@@     @ @   @@ @@@@  @@     @@     @      
       @  @@@   @@   @@     @@  @     .  @ : @@ @@       @@8     &@    @      
     @.  :@@@  @@   @@    .@@   @     .    :     @@*@@   @@@  @@  @@    @     
    @.   @@@@ 8@@   @@@  @@ @@              @    @@ o   @@  @ @@@ *@ @        
   @@    @@@@ @@@     *@@  @@@@@            @ @@@@@# @*   @@: @@@  @  @@ @    
   @     @@@@  @@  @@         @@             @@.@  @  .@@@@   @@@  @@ &@@ @   
   @    @@@@   @@   @@@@      @             @@  @  @@@        @@@  @@  @@  @  
   @    @@@@    @*     .@@                   @    @  @        @@   @@  @@  @@ 
   .    @@@@     @@                           @    @  @@     @@@   @@  @@&  @ 
   o     @@@      @@@@@@  @                    @.  &8     @@@@@    @@  @@@  @@
   @  @   @@@  @@@@@@:   @                      @    @@@8  @@@    @@@ @@@@  @@
   @  @@@  @@@@    @   @                              @@@@@@@   o@@@  @@@   @ 
   @  @@@  @@@@@@   @ @@@@     @                  @      @@@ #@@@@8  @@@@  @  
   @@  @@   @@@@@   @@@  @ @   @             @   @@# @   @@@@@      @@@@@ @   
    @  @@@:  @@@@@@ @@   @@     @@#@     @@@@        @  @@@ *@@@@@@  @@@8     
     @  @@@@ @@   @@@ @  @  @@    @@      @@     @@@@   @@@@         @@@      
         @@@   @   @      @@@@      @   @@         .@  @@@@@    *    @@   :   
     .   @@     .      @@            @@@    @@@@&  @@@@@o           @@        
          o@          &@@@            @            @@@@@@@         .          
            @            @@@@ @@@@.:    @    @@@@@@@.     @                   
                            @@@                                               
                                                                              
                                            @                                 
                               @           @@                                 
                                @@   @   @@@@                                 
                                  @@@@@@@@@                                   
                                     *@@                                      

2021-11-08 02:58:21.670  INFO 33092 --- [           main] n.s.s.s.SebPetClinicApplicationTests     : Starting SebPetClinicApplicationTests using Java 11.0.12 on DESKTOP-LUHC4B3 with PID 33092 (started by sabax in C:\Users\sabax\Desktop\Git\Projects\Spring 5 Guru\My pet clinic\seb-pet-clinic\pet-clinic-web)
2021-11-08 02:58:21.672  INFO 33092 --- [           main] n.s.s.s.SebPetClinicApplicationTests     : The following profiles are active: springdatajpa
2021-11-08 02:58:24.083  INFO 33092 --- [           main] .s.d.r.c.RepositoryConfigurationDelegate : Bootstrapping Spring Data JPA repositories in DEFAULT mode.
2021-11-08 02:58:24.274  INFO 33092 --- [           main] .s.d.r.c.RepositoryConfigurationDelegate : Finished Spring Data repository scanning in 169 ms. Found 6 JPA repository interfaces.
2021-11-08 02:58:25.937  INFO 33092 --- [           main] com.zaxxer.hikari.HikariDataSource       : HikariPool-1 - Starting...
2021-11-08 02:58:26.590  INFO 33092 --- [           main] com.zaxxer.hikari.HikariDataSource       : HikariPool-1 - Start completed.
2021-11-08 02:58:26.850  INFO 33092 --- [           main] o.hibernate.jpa.internal.util.LogHelper  : HHH000204: Processing PersistenceUnitInfo [name: default]
2021-11-08 02:58:27.037  INFO 33092 --- [           main] org.hibernate.Version                    : HHH000412: Hibernate ORM core version 5.4.32.Final
2021-11-08 02:58:27.175  INFO 33092 --- [           main] o.hibernate.annotations.common.Version   : HCANN000001: Hibernate Commons Annotations {5.1.2.Final}
2021-11-08 02:58:27.765  INFO 33092 --- [           main] org.hibernate.dialect.Dialect            : HHH000400: Using dialect: org.hibernate.dialect.H2Dialect
2021-11-08 02:58:29.509  INFO 33092 --- [           main] o.h.e.t.j.p.i.JtaPlatformInitiator       : HHH000490: Using JtaPlatform implementation: [org.hibernate.engine.transaction.jta.platform.internal.NoJtaPlatform]
2021-11-08 02:58:29.537  INFO 33092 --- [           main] j.LocalContainerEntityManagerFactoryBean : Initialized JPA EntityManagerFactory for persistence unit 'default'
2021-11-08 02:58:30.985  WARN 33092 --- [           main] JpaBaseConfiguration$JpaWebConfiguration : spring.jpa.open-in-view is enabled by default. Therefore, database queries may be performed during view rendering. Explicitly configure spring.jpa.open-in-view to disable this warning
2021-11-08 02:58:31.803  INFO 33092 --- [           main] o.s.b.a.w.s.WelcomePageHandlerMapping    : Adding welcome page template: index
2021-11-08 02:58:34.514  INFO 33092 --- [           main] o.s.b.a.e.web.EndpointLinksResolver      : Exposing 1 endpoint(s) beneath base path '/actuator'
2021-11-08 02:58:34.632  INFO 33092 --- [           main] n.s.s.s.SebPetClinicApplicationTests     : Started SebPetClinicApplicationTests in 15.756 seconds (JVM running for 22.894)
Loaded owners...
Loaded vets......
]]></system-out>
  </testcase>
</testsuite>